<?xml version="1.0" encoding="UTF-8"?>
<testsuite xmlns:xsi="http://www.w3.org/2001/XMLSchema-instance" xsi:noNamespaceSchemaLocation="https://maven.apache.org/surefire/maven-surefire-plugin/xsd/surefire-test-report-3.0.xsd" version="3.0" name="com.CursoDevSuperior.demo.DemoApplicationTests" time="2.358" tests="1" errors="0" skipped="0" failures="0">
  <properties>
[...]
</properties>
  <testcase name="contextLoads" classname="com.CursoDevSuperior.demo.DemoApplicationTests" time="0.945">
    <system-out><![CDATA[20:19:47.574 [main] INFO org.springframework.test.context.support.AnnotationConfigContextLoaderUtils -- Could not detect default configuration classes for test class [com.CursoDevSuperior.demo.DemoApplicationTests]: DemoApplicationTests does not declare any static, non-private, non-final, nested classes annotated with @Configuration.
20:19:47.693 [main] INFO org.springframework.boot.test.context.SpringBootTestContextBootstrapper -- Found @SpringBootConfiguration com.CursoDevSuperior.demo.DemoApplication for test class com.CursoDevSuperior.demo.DemoApplicationTests

  .   ____          _            __ _ _
 /\\ / ___'_ __ _ _(_)_ __  __ _ \ \ \ \
( ( )\___ | '_ | '_| | '_ \/ _` | \ \ \ \
 \\/  ___)| |_)| | | | | || (_| |  ) ) ) )
  '  |____| .__|_| |_|_| |_\__, | / / / /
 =========|_|==============|___/=/_/_/_/

 :: Spring Boot ::                (v3.3.8)

2025-01-25T20:19:48.148-03:00  INFO 8838 --- [demo] [           main] c.C.demo.DemoApplicationTests            : Starting DemoApplicationTests using Java 21.0.5 with PID 8838 (started by red-dragon in /home/red-dragon/Documentos/CursoDevSuperior)
2025-01-25T20:19:48.151-03:00  INFO 8838 --- [demo] [           main] c.C.demo.DemoApplicationTests            : No active profile set, falling back to 1 default profile: "default"
2025-01-25T20:19:48.768-03:00  INFO 8838 --- [demo] [           main] c.C.demo.DemoApplicationTests            : Started DemoApplicationTests in 0.939 seconds (process running for 1.975)
]]></system-out>
    <system-err><![CDATA[WARNING: A Java agent has been loaded dynamically (/home/red-dragon/.m2/repository/net/bytebuddy/byte-buddy-agent/1.14.19/byte-buddy-agent-1.14.19.jar)
WARNING: If a serviceability tool is in use, please run with -XX:+EnableDynamicAgentLoading to hide this warning
WARNING: If a serviceability tool is not in use, please run with -Djdk.instrument.traceUsage for more information
WARNING: Dynamic loading of agents will be disallowed by default in a future release
]]></system-err>
  </testcase>
</testsuite>